This is pdfTeX, Version 3.141592653-2.6-1.40.22 (TeX Live 2022/dev/Debian) (preloaded format=pdflatex 2024.10.22)  27 NOV 2024 13:08
entering extended mode
 restricted \write18 enabled.
 %&-line parsing enabled.
**Documentacion.tex
(./Documentacion.tex
LaTeX2e <2021-11-15> patch level 1
L3 programming layer <2022-01-21> (/usr/share/texlive/texmf-dist/tex/latex/base
/article.cls
Document Class: article 2021/10/04 v1.4n Standard LaTeX document class
(/usr/share/texlive/texmf-dist/tex/latex/base/size10.clo
File: size10.clo 2021/10/04 v1.4n Standard LaTeX file (size option)
)
\c@part=\count185
\c@section=\count186
\c@subsection=\count187
\c@subsubsection=\count188
\c@paragraph=\count189
\c@subparagraph=\count190
\c@figure=\count191
\c@table=\count192
\abovecaptionskip=\skip47
\belowcaptionskip=\skip48
\bibindent=\dimen138
) (/usr/share/texlive/texmf-dist/tex/latex/amsmath/amsmath.sty
Package: amsmath 2021/10/15 v2.17l AMS math features
\@mathmargin=\skip49
For additional information on amsmath, use the `?' option.
(/usr/share/texlive/texmf-dist/tex/latex/amsmath/amstext.sty
Package: amstext 2021/08/26 v2.01 AMS text
(/usr/share/texlive/texmf-dist/tex/latex/amsmath/amsgen.sty
File: amsgen.sty 1999/11/30 v2.0 generic functions
\@emptytoks=\toks16
\ex@=\dimen139
)) (/usr/share/texlive/texmf-dist/tex/latex/amsmath/amsbsy.sty
Package: amsbsy 1999/11/29 v1.2d Bold Symbols
\pmbraise@=\dimen140
) (/usr/share/texlive/texmf-dist/tex/latex/amsmath/amsopn.sty
Package: amsopn 2021/08/26 v2.02 operator names
)
\inf@bad=\count193
LaTeX Info: Redefining \frac on input line 234.
\uproot@=\count194
\leftroot@=\count195
LaTeX Info: Redefining \overline on input line 399.
\classnum@=\count196
\DOTSCASE@=\count197
LaTeX Info: Redefining \ldots on input line 496.
LaTeX Info: Redefining \dots on input line 499.
LaTeX Info: Redefining \cdots on input line 620.
\Mathstrutbox@=\box50
\strutbox@=\box51
\big@size=\dimen141
LaTeX Font Info:    Redeclaring font encoding OML on input line 743.
LaTeX Font Info:    Redeclaring font encoding OMS on input line 744.
\macc@depth=\count198
\c@MaxMatrixCols=\count199
\dotsspace@=\muskip16
\c@parentequation=\count266
\dspbrk@lvl=\count267
\tag@help=\toks17
\row@=\count268
\column@=\count269
\maxfields@=\count270
\andhelp@=\toks18
\eqnshift@=\dimen142
\alignsep@=\dimen143
\tagshift@=\dimen144
\tagwidth@=\dimen145
\totwidth@=\dimen146
\lineht@=\dimen147
\@envbody=\toks19
\multlinegap=\skip50
\multlinetaggap=\skip51
\mathdisplay@stack=\toks20
LaTeX Info: Redefining \[ on input line 2938.
LaTeX Info: Redefining \] on input line 2939.
) (/usr/share/texlive/texmf-dist/tex/latex/amsfonts/amssymb.sty
Package: amssymb 2013/01/14 v3.01 AMS font symbols
(/usr/share/texlive/texmf-dist/tex/latex/amsfonts/amsfonts.sty
Package: amsfonts 2013/01/14 v3.01 Basic AMSFonts support
\symAMSa=\mathgroup4
\symAMSb=\mathgroup5
LaTeX Font Info:    Redeclaring math symbol \hbar on input line 98.
LaTeX Font Info:    Overwriting math alphabet `\mathfrak' in version `bold'
(Font)                  U/euf/m/n --> U/euf/b/n on input line 106.
)) (/usr/share/texlive/texmf-dist/tex/generic/iftex/iftex.sty
Package: iftex 2020/03/06 v1.0d TeX engine tests
) (/usr/share/texlive/texmf-dist/tex/latex/base/fontenc.sty
Package: fontenc 2021/04/29 v2.0v Standard LaTeX package
) (/usr/share/texlive/texmf-dist/tex/latex/base/inputenc.sty
Package: inputenc 2021/02/14 v1.3d Input encoding file
\inpenc@prehook=\toks21
\inpenc@posthook=\toks22
) (/usr/share/texlive/texmf-dist/tex/latex/base/textcomp.sty
Package: textcomp 2020/02/02 v2.0n Standard LaTeX package
) (/usr/share/texmf/tex/latex/lm/lmodern.sty
Package: lmodern 2009/10/30 v1.6 Latin Modern Fonts
LaTeX Font Info:    Overwriting symbol font `operators' in version `normal'
(Font)                  OT1/cmr/m/n --> OT1/lmr/m/n on input line 22.
LaTeX Font Info:    Overwriting symbol font `letters' in version `normal'
(Font)                  OML/cmm/m/it --> OML/lmm/m/it on input line 23.
LaTeX Font Info:    Overwriting symbol font `symbols' in version `normal'
(Font)                  OMS/cmsy/m/n --> OMS/lmsy/m/n on input line 24.
LaTeX Font Info:    Overwriting symbol font `largesymbols' in version `normal'
(Font)                  OMX/cmex/m/n --> OMX/lmex/m/n on input line 25.
LaTeX Font Info:    Overwriting symbol font `operators' in version `bold'
(Font)                  OT1/cmr/bx/n --> OT1/lmr/bx/n on input line 26.
LaTeX Font Info:    Overwriting symbol font `letters' in version `bold'
(Font)                  OML/cmm/b/it --> OML/lmm/b/it on input line 27.
LaTeX Font Info:    Overwriting symbol font `symbols' in version `bold'
(Font)                  OMS/cmsy/b/n --> OMS/lmsy/b/n on input line 28.
LaTeX Font Info:    Overwriting symbol font `largesymbols' in version `bold'
(Font)                  OMX/cmex/m/n --> OMX/lmex/m/n on input line 29.
LaTeX Font Info:    Overwriting math alphabet `\mathbf' in version `normal'
(Font)                  OT1/cmr/bx/n --> OT1/lmr/bx/n on input line 31.
LaTeX Font Info:    Overwriting math alphabet `\mathsf' in version `normal'
(Font)                  OT1/cmss/m/n --> OT1/lmss/m/n on input line 32.
LaTeX Font Info:    Overwriting math alphabet `\mathit' in version `normal'
(Font)                  OT1/cmr/m/it --> OT1/lmr/m/it on input line 33.
LaTeX Font Info:    Overwriting math alphabet `\mathtt' in version `normal'
(Font)                  OT1/cmtt/m/n --> OT1/lmtt/m/n on input line 34.
LaTeX Font Info:    Overwriting math alphabet `\mathbf' in version `bold'
(Font)                  OT1/cmr/bx/n --> OT1/lmr/bx/n on input line 35.
LaTeX Font Info:    Overwriting math alphabet `\mathsf' in version `bold'
(Font)                  OT1/cmss/bx/n --> OT1/lmss/bx/n on input line 36.
LaTeX Font Info:    Overwriting math alphabet `\mathit' in version `bold'
(Font)                  OT1/cmr/bx/it --> OT1/lmr/bx/it on input line 37.
LaTeX Font Info:    Overwriting math alphabet `\mathtt' in version `bold'
(Font)                  OT1/cmtt/m/n --> OT1/lmtt/m/n on input line 38.
) (/usr/share/texlive/texmf-dist/tex/latex/upquote/upquote.sty
Package: upquote 2012/04/19 v1.3 upright-quote and grave-accent glyphs in verba
tim
) (/usr/share/texlive/texmf-dist/tex/latex/microtype/microtype.sty
Package: microtype 2021/12/10 v3.0b Micro-typographical refinements (RS)
(/usr/share/texlive/texmf-dist/tex/latex/graphics/keyval.sty
Package: keyval 2014/10/28 v1.15 key=value parser (DPC)
\KV@toks@=\toks23
) (/usr/share/texlive/texmf-dist/tex/latex/etoolbox/etoolbox.sty
Package: etoolbox 2020/10/05 v2.5k e-TeX tools for LaTeX (JAW)
\etb@tempcnta=\count271
)
\MT@toks=\toks24
\MT@count=\count272
\MT@tempbox=\box52
LaTeX Info: Redefining \leftprotrusion on input line 1010.
LaTeX Info: Redefining \rightprotrusion on input line 1018.
LaTeX Info: Redefining \textls on input line 1173.
\MT@outer@kern=\dimen148
LaTeX Info: Redefining \textmicrotypecontext on input line 1759.
\MT@listname@count=\count273
(/usr/share/texlive/texmf-dist/tex/latex/microtype/microtype-pdftex.def
File: microtype-pdftex.def 2021/12/10 v3.0b Definitions specific to pdftex (RS)

LaTeX Info: Redefining \lsstyle on input line 897.
LaTeX Info: Redefining \lslig on input line 897.
\MT@outer@space=\skip52
)
Package microtype Info: Loading configuration file microtype.cfg.
(/usr/share/texlive/texmf-dist/tex/latex/microtype/microtype.cfg
File: microtype.cfg 2021/12/10 v3.0b microtype main configuration file (RS)
)) (/usr/share/texlive/texmf-dist/tex/latex/parskip/parskip.sty
Package: parskip 2021-03-14 v2.0h non-zero parskip adjustments
(/usr/share/texlive/texmf-dist/tex/latex/kvoptions/kvoptions.sty
Package: kvoptions 2020-10-07 v3.14 Key value format for package options (HO)
(/usr/share/texlive/texmf-dist/tex/generic/ltxcmds/ltxcmds.sty
Package: ltxcmds 2020-05-10 v1.25 LaTeX kernel commands for general use (HO)
) (/usr/share/texlive/texmf-dist/tex/generic/kvsetkeys/kvsetkeys.sty
Package: kvsetkeys 2019/12/15 v1.18 Key value parser (HO)
))) (/usr/share/texlive/texmf-dist/tex/latex/xcolor/xcolor.sty
Package: xcolor 2021/10/31 v2.13 LaTeX color extensions (UK)
(/usr/share/texlive/texmf-dist/tex/latex/graphics-cfg/color.cfg
File: color.cfg 2016/01/02 v1.6 sample color configuration
)
Package xcolor Info: Driver file: pdftex.def on input line 227.
(/usr/share/texlive/texmf-dist/tex/latex/graphics-def/pdftex.def
File: pdftex.def 2020/10/05 v1.2a Graphics/color driver for pdftex
)
Package xcolor Info: Model `cmy' substituted by `cmy0' on input line 1352.
Package xcolor Info: Model `hsb' substituted by `rgb' on input line 1356.
Package xcolor Info: Model `RGB' extended on input line 1368.
Package xcolor Info: Model `HTML' substituted by `rgb' on input line 1370.
Package xcolor Info: Model `Hsb' substituted by `hsb' on input line 1371.
Package xcolor Info: Model `tHsb' substituted by `hsb' on input line 1372.
Package xcolor Info: Model `HSB' substituted by `hsb' on input line 1373.
Package xcolor Info: Model `Gray' substituted by `gray' on input line 1374.
Package xcolor Info: Model `wave' substituted by `hsb' on input line 1375.
) (/usr/share/texlive/texmf-dist/tex/latex/geometry/geometry.sty
Package: geometry 2020/01/02 v5.9 Page Geometry
(/usr/share/texlive/texmf-dist/tex/generic/iftex/ifvtex.sty
Package: ifvtex 2019/10/25 v1.7 ifvtex legacy package. Use iftex instead.
)
\Gm@cnth=\count274
\Gm@cntv=\count275
\c@Gm@tempcnt=\count276
\Gm@bindingoffset=\dimen149
\Gm@wd@mp=\dimen150
\Gm@odd@mp=\dimen151
\Gm@even@mp=\dimen152
\Gm@layoutwidth=\dimen153
\Gm@layoutheight=\dimen154
\Gm@layouthoffset=\dimen155
\Gm@layoutvoffset=\dimen156
\Gm@dimlist=\toks25
) (/usr/share/texlive/texmf-dist/tex/latex/fancyvrb/fancyvrb.sty
Package: fancyvrb 2021/12/21 4.1b verbatim text (tvz,hv)
\FV@CodeLineNo=\count277
\FV@InFile=\read2
\FV@TabBox=\box53
\c@FancyVerbLine=\count278
\FV@StepNumber=\count279
\FV@OutFile=\write3
) (/usr/share/texlive/texmf-dist/tex/latex/framed/framed.sty
Package: framed 2011/10/22 v 0.96: framed or shaded text with page breaks
\OuterFrameSep=\skip53
\fb@frw=\dimen157
\fb@frh=\dimen158
\FrameRule=\dimen159
\FrameSep=\dimen160
) (/usr/share/texlive/texmf-dist/tex/latex/graphics/graphicx.sty
Package: graphicx 2021/09/16 v1.2d Enhanced LaTeX Graphics (DPC,SPQR)
(/usr/share/texlive/texmf-dist/tex/latex/graphics/graphics.sty
Package: graphics 2021/03/04 v1.4d Standard LaTeX Graphics (DPC,SPQR)
(/usr/share/texlive/texmf-dist/tex/latex/graphics/trig.sty
Package: trig 2021/08/11 v1.11 sin cos tan (DPC)
) (/usr/share/texlive/texmf-dist/tex/latex/graphics-cfg/graphics.cfg
File: graphics.cfg 2016/06/04 v1.11 sample graphics configuration
)
Package graphics Info: Driver file: pdftex.def on input line 107.
)
\Gin@req@height=\dimen161
\Gin@req@width=\dimen162
) (/usr/share/texlive/texmf-dist/tex/latex/sectsty/sectsty.sty
Package: sectsty 2002/02/25 v2.0.2 Commands to change all sectional heading sty
les

LaTeX Warning: Command \underbar  has changed.
               Check if current package is valid.


LaTeX Warning: Command \underline  has changed.
               Check if current package is valid.

) (/usr/share/texlive/texmf-dist/tex/latex/float/float.sty
Package: float 2001/11/08 v1.3d Float enhancements (AL)
\c@float@type=\count280
\float@exts=\toks26
\float@box=\box54
\@float@everytoks=\toks27
\@floatcapt=\box55
) (/usr/share/texlive/texmf-dist/tex/latex/bookmark/bookmark.sty
Package: bookmark 2020-11-06 v1.29 PDF bookmarks (HO)
(/usr/share/texlive/texmf-dist/tex/latex/hyperref/hyperref.sty
Package: hyperref 2021-06-07 v7.00m Hypertext links for LaTeX
(/usr/share/texlive/texmf-dist/tex/generic/pdftexcmds/pdftexcmds.sty
Package: pdftexcmds 2020-06-27 v0.33 Utility functions of pdfTeX for LuaTeX (HO
)
(/usr/share/texlive/texmf-dist/tex/generic/infwarerr/infwarerr.sty
Package: infwarerr 2019/12/03 v1.5 Providing info/warning/error messages (HO)
)
Package pdftexcmds Info: \pdf@primitive is available.
Package pdftexcmds Info: \pdf@ifprimitive is available.
Package pdftexcmds Info: \pdfdraftmode found.
) (/usr/share/texlive/texmf-dist/tex/generic/kvdefinekeys/kvdefinekeys.sty
Package: kvdefinekeys 2019-12-19 v1.6 Define keys (HO)
) (/usr/share/texlive/texmf-dist/tex/generic/pdfescape/pdfescape.sty
Package: pdfescape 2019/12/09 v1.15 Implements pdfTeX's escape features (HO)
) (/usr/share/texlive/texmf-dist/tex/latex/hycolor/hycolor.sty
Package: hycolor 2020-01-27 v1.10 Color options for hyperref/bookmark (HO)
) (/usr/share/texlive/texmf-dist/tex/latex/letltxmacro/letltxmacro.sty
Package: letltxmacro 2019/12/03 v1.6 Let assignment for LaTeX macros (HO)
) (/usr/share/texlive/texmf-dist/tex/latex/auxhook/auxhook.sty
Package: auxhook 2019-12-17 v1.6 Hooks for auxiliary files (HO)
)
\@linkdim=\dimen163
\Hy@linkcounter=\count281
\Hy@pagecounter=\count282
(/usr/share/texlive/texmf-dist/tex/latex/hyperref/pd1enc.def
File: pd1enc.def 2021-06-07 v7.00m Hyperref: PDFDocEncoding definition (HO)
Now handling font encoding PD1 ...
... no UTF-8 mapping file for font encoding PD1
) (/usr/share/texlive/texmf-dist/tex/latex/hyperref/hyperref-langpatches.def
File: hyperref-langpatches.def 2021-06-07 v7.00m Hyperref: patches for babel la
nguages
) (/usr/share/texlive/texmf-dist/tex/generic/intcalc/intcalc.sty
Package: intcalc 2019/12/15 v1.3 Expandable calculations with integers (HO)
) (/usr/share/texlive/texmf-dist/tex/generic/etexcmds/etexcmds.sty
Package: etexcmds 2019/12/15 v1.7 Avoid name clashes with e-TeX commands (HO)
)
\Hy@SavedSpaceFactor=\count283
(/usr/share/texlive/texmf-dist/tex/latex/hyperref/puenc.def
File: puenc.def 2021-06-07 v7.00m Hyperref: PDF Unicode definition (HO)
Now handling font encoding PU ...
... no UTF-8 mapping file for font encoding PU
)
Package hyperref Info: Option `unicode' set `true' on input line 4073.
Package hyperref Info: Hyper figures OFF on input line 4192.
Package hyperref Info: Link nesting OFF on input line 4197.
Package hyperref Info: Hyper index ON on input line 4200.
Package hyperref Info: Plain pages OFF on input line 4207.
Package hyperref Info: Backreferencing OFF on input line 4212.
Package hyperref Info: Implicit mode ON; LaTeX internals redefined.
Package hyperref Info: Bookmarks ON on input line 4445.
\c@Hy@tempcnt=\count284
(/usr/share/texlive/texmf-dist/tex/latex/url/url.sty
\Urlmuskip=\muskip17
Package: url 2013/09/16  ver 3.4  Verb mode for urls, etc.
)
LaTeX Info: Redefining \url on input line 4804.
\XeTeXLinkMargin=\dimen164
(/usr/share/texlive/texmf-dist/tex/generic/bitset/bitset.sty
Package: bitset 2019/12/09 v1.3 Handle bit-vector datatype (HO)
(/usr/share/texlive/texmf-dist/tex/generic/bigintcalc/bigintcalc.sty
Package: bigintcalc 2019/12/15 v1.5 Expandable calculations on big integers (HO
)
))
\Fld@menulength=\count285
\Field@Width=\dimen165
\Fld@charsize=\dimen166
Package hyperref Info: Hyper figures OFF on input line 6076.
Package hyperref Info: Link nesting OFF on input line 6081.
Package hyperref Info: Hyper index ON on input line 6084.
Package hyperref Info: backreferencing OFF on input line 6091.
Package hyperref Info: Link coloring OFF on input line 6096.
Package hyperref Info: Link coloring with OCG OFF on input line 6101.
Package hyperref Info: PDF/A mode OFF on input line 6106.
LaTeX Info: Redefining \ref on input line 6146.
LaTeX Info: Redefining \pageref on input line 6150.
(/usr/share/texlive/texmf-dist/tex/latex/base/atbegshi-ltx.sty
Package: atbegshi-ltx 2021/01/10 v1.0c Emulation of the original atbegshi
package with kernel methods
)
\Hy@abspage=\count286
\c@Item=\count287
\c@Hfootnote=\count288
)
Package hyperref Info: Driver (autodetected): hpdftex.
(/usr/share/texlive/texmf-dist/tex/latex/hyperref/hpdftex.def
File: hpdftex.def 2021-06-07 v7.00m Hyperref driver for pdfTeX
(/usr/share/texlive/texmf-dist/tex/latex/base/atveryend-ltx.sty
Package: atveryend-ltx 2020/08/19 v1.0a Emulation of the original atveryend pac
kage
with kernel methods
)
\Fld@listcount=\count289
\c@bookmark@seq@number=\count290
(/usr/share/texlive/texmf-dist/tex/latex/rerunfilecheck/rerunfilecheck.sty
Package: rerunfilecheck 2019/12/05 v1.9 Rerun checks for auxiliary files (HO)
(/usr/share/texlive/texmf-dist/tex/generic/uniquecounter/uniquecounter.sty
Package: uniquecounter 2019/12/15 v1.4 Provide unlimited unique counter (HO)
)
Package uniquecounter Info: New unique counter `rerunfilecheck' on input line 2
86.
)
\Hy@SectionHShift=\skip54
) (/usr/share/texlive/texmf-dist/tex/latex/bookmark/bkm-pdftex.def
File: bkm-pdftex.def 2020-11-06 v1.29 bookmark driver for pdfTeX (HO)
\BKM@id=\count291
)) (/usr/share/texlive/texmf-dist/tex/latex/xurl/xurl.sty
Package: xurl 2022/01/09 v 0.10 modify URL breaks
)
LaTeX Font Info:    Trying to load font information for T1+lmr on input line 12
1.
(/usr/share/texmf/tex/latex/lm/t1lmr.fd
File: t1lmr.fd 2009/10/30 v1.6 Font defs for Latin Modern
) (/usr/share/texlive/texmf-dist/tex/latex/l3backend/l3backend-pdftex.def
File: l3backend-pdftex.def 2022-01-12 L3 backend support: PDF output (pdfTeX)
\l__color_backend_stack_int=\count292
\l__pdf_internal_box=\box56
) (./Documentacion.aux)
\openout1 = `Documentacion.aux'.

LaTeX Font Info:    Checking defaults for OML/cmm/m/it on input line 121.
LaTeX Font Info:    ... okay on input line 121.
LaTeX Font Info:    Checking defaults for OMS/cmsy/m/n on input line 121.
LaTeX Font Info:    ... okay on input line 121.
LaTeX Font Info:    Checking defaults for OT1/cmr/m/n on input line 121.
LaTeX Font Info:    ... okay on input line 121.
LaTeX Font Info:    Checking defaults for T1/cmr/m/n on input line 121.
LaTeX Font Info:    ... okay on input line 121.
LaTeX Font Info:    Checking defaults for TS1/cmr/m/n on input line 121.
LaTeX Font Info:    ... okay on input line 121.
LaTeX Font Info:    Checking defaults for OMX/cmex/m/n on input line 121.
LaTeX Font Info:    ... okay on input line 121.
LaTeX Font Info:    Checking defaults for U/cmr/m/n on input line 121.
LaTeX Font Info:    ... okay on input line 121.
LaTeX Font Info:    Checking defaults for PD1/pdf/m/n on input line 121.
LaTeX Font Info:    ... okay on input line 121.
LaTeX Font Info:    Checking defaults for PU/pdf/m/n on input line 121.
LaTeX Font Info:    ... okay on input line 121.
LaTeX Info: Redefining \microtypecontext on input line 121.
Package microtype Info: Applying patch `item' on input line 121.
Package microtype Info: Applying patch `toc' on input line 121.
Package microtype Info: Applying patch `eqnum' on input line 121.
Package microtype Info: Applying patch `footnote' on input line 121.
Package microtype Info: Generating PDF output.
Package microtype Info: Character protrusion enabled (level 2).
Package microtype Info: Using protrusion set `basicmath'.
Package microtype Info: Automatic font expansion enabled (level 2),
(microtype)             stretch: 20, shrink: 20, step: 1, non-selected.
Package microtype Info: Using default expansion set `alltext-nott'.
LaTeX Info: Redefining \showhyphens on input line 121.
Package microtype Info: No adjustment of tracking.
Package microtype Info: No adjustment of interword spacing.
Package microtype Info: No adjustment of character kerning.
(/usr/share/texlive/texmf-dist/tex/latex/microtype/mt-cmr.cfg
File: mt-cmr.cfg 2013/05/19 v2.2 microtype config. file: Computer Modern Roman 
(RS)
) (/usr/share/texlive/texmf-dist/tex/context/base/mkii/supp-pdf.mkii
[Loading MPS to PDF converter (version 2006.09.02).]
\scratchcounter=\count293
\scratchdimen=\dimen167
\scratchbox=\box57
\nofMPsegments=\count294
\nofMParguments=\count295
\everyMPshowfont=\toks28
\MPscratchCnt=\count296
\MPscratchDim=\dimen168
\MPnumerator=\count297
\makeMPintoPDFobject=\count298
\everyMPtoPDFconversion=\toks29
) (/usr/share/texlive/texmf-dist/tex/latex/epstopdf-pkg/epstopdf-base.sty
Package: epstopdf-base 2020-01-24 v2.11 Base part for package epstopdf
Package epstopdf-base Info: Redefining graphics rule for `.eps' on input line 4
85.
(/usr/share/texlive/texmf-dist/tex/latex/latexconfig/epstopdf-sys.cfg
File: epstopdf-sys.cfg 2010/07/13 v1.3 Configuration of (r)epstopdf for TeX Liv
e
))
*geometry* driver: auto-detecting
*geometry* detected driver: pdftex
*geometry* verbose mode - [ preamble ] result:
* driver: pdftex
* paper: <default>
* layout: <same size as paper>
* layoutoffset:(h,v)=(0.0pt,0.0pt)
* modes: 
* h-part:(L,W,R)=(72.26999pt, 469.75502pt, 72.26999pt)
* v-part:(T,H,B)=(72.26999pt, 650.43001pt, 72.26999pt)
* \paperwidth=614.295pt
* \paperheight=794.96999pt
* \textwidth=469.75502pt
* \textheight=650.43001pt
* \oddsidemargin=0.0pt
* \evensidemargin=0.0pt
* \topmargin=-37.0pt
* \headheight=12.0pt
* \headsep=25.0pt
* \topskip=10.0pt
* \footskip=30.0pt
* \marginparwidth=65.0pt
* \marginparsep=11.0pt
* \columnsep=10.0pt
* \skip\footins=9.0pt plus 4.0pt minus 2.0pt
* \hoffset=0.0pt
* \voffset=0.0pt
* \mag=1000
* \@twocolumnfalse
* \@twosidefalse
* \@mparswitchfalse
* \@reversemarginfalse
* (1in=72.27pt=25.4mm, 1cm=28.453pt)

Package hyperref Info: Link coloring OFF on input line 121.
(/usr/share/texlive/texmf-dist/tex/latex/hyperref/nameref.sty
Package: nameref 2021-04-02 v2.47 Cross-referencing by name of section
(/usr/share/texlive/texmf-dist/tex/latex/refcount/refcount.sty
Package: refcount 2019/12/15 v3.6 Data extraction from label references (HO)
) (/usr/share/texlive/texmf-dist/tex/generic/gettitlestring/gettitlestring.sty
Package: gettitlestring 2019/12/15 v1.6 Cleanup title references (HO)
)
\c@section@level=\count299
)
LaTeX Info: Redefining \ref on input line 121.
LaTeX Info: Redefining \pageref on input line 121.
LaTeX Info: Redefining \nameref on input line 121.
LaTeX Font Info:    Trying to load font information for OT1+lmr on input line 1
23.
(/usr/share/texmf/tex/latex/lm/ot1lmr.fd
File: ot1lmr.fd 2009/10/30 v1.6 Font defs for Latin Modern
)
LaTeX Font Info:    Trying to load font information for OML+lmm on input line 1
23.
(/usr/share/texmf/tex/latex/lm/omllmm.fd
File: omllmm.fd 2009/10/30 v1.6 Font defs for Latin Modern
)
LaTeX Font Info:    Trying to load font information for OMS+lmsy on input line 
123.
(/usr/share/texmf/tex/latex/lm/omslmsy.fd
File: omslmsy.fd 2009/10/30 v1.6 Font defs for Latin Modern
)
LaTeX Font Info:    Trying to load font information for OMX+lmex on input line 
123.
(/usr/share/texmf/tex/latex/lm/omxlmex.fd
File: omxlmex.fd 2009/10/30 v1.6 Font defs for Latin Modern
)
LaTeX Font Info:    External font `lmex10' loaded for size
(Font)              <12> on input line 123.
LaTeX Font Info:    External font `lmex10' loaded for size
(Font)              <8> on input line 123.
LaTeX Font Info:    External font `lmex10' loaded for size
(Font)              <6> on input line 123.
LaTeX Font Info:    Trying to load font information for U+msa on input line 123
.
(/usr/share/texlive/texmf-dist/tex/latex/amsfonts/umsa.fd
File: umsa.fd 2013/01/14 v3.01 AMS symbols A
) (/usr/share/texlive/texmf-dist/tex/latex/microtype/mt-msa.cfg
File: mt-msa.cfg 2006/02/04 v1.1 microtype config. file: AMS symbols (a) (RS)
)
LaTeX Font Info:    Trying to load font information for U+msb on input line 123
.
(/usr/share/texlive/texmf-dist/tex/latex/amsfonts/umsb.fd
File: umsb.fd 2013/01/14 v3.01 AMS symbols B
) (/usr/share/texlive/texmf-dist/tex/latex/microtype/mt-msb.cfg
File: mt-msb.cfg 2005/06/01 v1.0 microtype config. file: AMS symbols (b) (RS)
) (./Documentacion.toc
LaTeX Font Info:    External font `lmex10' loaded for size
(Font)              <10> on input line 3.
LaTeX Font Info:    External font `lmex10' loaded for size
(Font)              <7> on input line 3.
LaTeX Font Info:    External font `lmex10' loaded for size
(Font)              <5> on input line 3.
)
\tf@toc=\write4
\openout4 = `Documentacion.toc'.

[1

{/var/lib/texmf/fonts/map/pdftex/updmap/pdftex.map}] [2] [3] [4]
<IMAGENES/IM2.jpg, id=67, 770.88pt x 1156.32pt>
File: IMAGENES/IM2.jpg Graphic file (type jpg)
<use IMAGENES/IM2.jpg>
Package pdftex.def Info: IMAGENES/IM2.jpg  used on input line 277.
(pdftex.def)             Requested size: 140.91673pt x 211.3751pt.
<IMAGENES/IM3.jpg, id=68, 266.9975pt x 321.2pt>
File: IMAGENES/IM3.jpg Graphic file (type jpg)
<use IMAGENES/IM3.jpg>
Package pdftex.def Info: IMAGENES/IM3.jpg  used on input line 277.
(pdftex.def)             Requested size: 140.93355pt x 169.54413pt.
<IMAGENES/IM4.jpg, id=69, 770.88pt x 1027.84pt>
File: IMAGENES/IM4.jpg Graphic file (type jpg)
<use IMAGENES/IM4.jpg>
Package pdftex.def Info: IMAGENES/IM4.jpg  used on input line 277.
(pdftex.def)             Requested size: 140.91673pt x 187.88899pt.

LaTeX Warning: Command \' invalid in math mode on input line 310.

[5 <./IMAGENES/IM2.jpg> <./IMAGENES/IM3.jpg> <./IMAGENES/IM4.jpg>] [6]
<RESULTADOS/R1.1.png, id=79, 320.19624pt x 296.10625pt>
File: RESULTADOS/R1.1.png Graphic file (type png)
<use RESULTADOS/R1.1.png>
Package pdftex.def Info: RESULTADOS/R1.1.png  used on input line 344.
(pdftex.def)             Requested size: 234.8797pt x 217.2085pt.
<RESULTADOS/R1.2.png, id=80, 804.00375pt x 608.2725pt>
File: RESULTADOS/R1.2.png Graphic file (type png)
<use RESULTADOS/R1.2.png>
Package pdftex.def Info: RESULTADOS/R1.2.png  used on input line 345.
(pdftex.def)             Requested size: 234.87265pt x 177.69391pt.

Overfull \hbox (23.99736pt too wide) in paragraph at lines 343--347
 [][] 
 []

[7 <./RESULTADOS/R1.1.png (PNG copy)> <./RESULTADOS/R1.2.png (PNG copy)>]
<RESULTADOS/R1.3.png, id=87, 773.89125pt x 755.82375pt>
File: RESULTADOS/R1.3.png Graphic file (type png)
<use RESULTADOS/R1.3.png>
Package pdftex.def Info: RESULTADOS/R1.3.png  used on input line 379.
(pdftex.def)             Requested size: 234.87334pt x 229.38991pt.
<RESULTADOS/R1.4.png, id=88, 773.89125pt x 755.82375pt>
File: RESULTADOS/R1.4.png Graphic file (type png)
<use RESULTADOS/R1.4.png>
Package pdftex.def Info: RESULTADOS/R1.4.png  used on input line 380.
(pdftex.def)             Requested size: 234.87334pt x 229.38991pt.
<RESULTADOS/R1.5.png, id=89, 773.89125pt x 755.82375pt>
File: RESULTADOS/R1.5.png Graphic file (type png)
<use RESULTADOS/R1.5.png>
Package pdftex.def Info: RESULTADOS/R1.5.png  used on input line 381.
(pdftex.def)             Requested size: 234.87334pt x 229.38991pt.

Overfull \hbox (23.99168pt too wide) in paragraph at lines 378--383
 [][] 
 []

[8 <./RESULTADOS/R1.3.png (PNG copy)> <./RESULTADOS/R1.4.png (PNG copy)> <./RES
ULTADOS/R1.5.png (PNG copy)>]
<RESULTADOS/R1.6.png, id=95, 773.89125pt x 755.82375pt>
File: RESULTADOS/R1.6.png Graphic file (type png)
<use RESULTADOS/R1.6.png>
Package pdftex.def Info: RESULTADOS/R1.6.png  used on input line 398.
(pdftex.def)             Requested size: 234.87334pt x 229.38991pt.
<RESULTADOS/R1.7.png, id=96, 773.89125pt x 755.82375pt>
File: RESULTADOS/R1.7.png Graphic file (type png)
<use RESULTADOS/R1.7.png>
Package pdftex.def Info: RESULTADOS/R1.7.png  used on input line 399.
(pdftex.def)             Requested size: 234.87334pt x 229.38991pt.

Overfull \hbox (23.99168pt too wide) in paragraph at lines 397--401
 [][] 
 []

[9 <./RESULTADOS/R1.6.png (PNG copy)> <./RESULTADOS/R1.7.png (PNG copy)>]
<RESULTADOS/R1.8.png, id=102, 405.76593pt x 274.77657pt>
File: RESULTADOS/R1.8.png Graphic file (type png)
<use RESULTADOS/R1.8.png>
Package pdftex.def Info: RESULTADOS/R1.8.png  used on input line 417.
(pdftex.def)             Requested size: 234.88004pt x 159.05605pt.
<RESULTADOS/R1.9.png, id=103, 405.76593pt x 274.77657pt>
File: RESULTADOS/R1.9.png Graphic file (type png)
<use RESULTADOS/R1.9.png>
Package pdftex.def Info: RESULTADOS/R1.9.png  used on input line 418.
(pdftex.def)             Requested size: 234.88004pt x 159.05605pt.
<RESULTADOS/R1.10.png, id=104, 405.76593pt x 274.77657pt>
File: RESULTADOS/R1.10.png Graphic file (type png)
<use RESULTADOS/R1.10.png>
Package pdftex.def Info: RESULTADOS/R1.10.png  used on input line 419.
(pdftex.def)             Requested size: 234.88004pt x 159.05605pt.
<RESULTADOS/R1.11.png, id=105, 405.76593pt x 274.77657pt>
File: RESULTADOS/R1.11.png Graphic file (type png)
<use RESULTADOS/R1.11.png>
Package pdftex.def Info: RESULTADOS/R1.11.png  used on input line 420.
(pdftex.def)             Requested size: 234.88004pt x 159.05605pt.

Overfull \hbox (24.00508pt too wide) in paragraph at lines 416--422
 [][] 
 []

[10 <./RESULTADOS/R1.8.png> <./RESULTADOS/R1.9.png> <./RESULTADOS/R1.10.png> <.
/RESULTADOS/R1.11.png>]
<RESULTADOS/R2.1.png, id=115, 320.19624pt x 296.10625pt>
File: RESULTADOS/R2.1.png Graphic file (type png)
<use RESULTADOS/R2.1.png>
Package pdftex.def Info: RESULTADOS/R2.1.png  used on input line 438.
(pdftex.def)             Requested size: 234.8797pt x 217.2085pt.
<RESULTADOS/R2.2.png, id=116, 773.89125pt x 755.82375pt>
File: RESULTADOS/R2.2.png Graphic file (type png)
<use RESULTADOS/R2.2.png>
Package pdftex.def Info: RESULTADOS/R2.2.png  used on input line 439.
(pdftex.def)             Requested size: 234.87334pt x 229.38991pt.

Overfull \hbox (23.99805pt too wide) in paragraph at lines 437--441
 [][] 
 []

[11 <./RESULTADOS/R2.1.png (PNG copy)> <./RESULTADOS/R2.2.png (PNG copy)>]
<RESULTADOS/R2.3.png, id=122, 773.89125pt x 755.82375pt>
File: RESULTADOS/R2.3.png Graphic file (type png)
<use RESULTADOS/R2.3.png>
Package pdftex.def Info: RESULTADOS/R2.3.png  used on input line 473.
(pdftex.def)             Requested size: 234.87334pt x 229.38991pt.
<RESULTADOS/R2.4.png, id=123, 773.89125pt x 755.82375pt>
File: RESULTADOS/R2.4.png Graphic file (type png)
<use RESULTADOS/R2.4.png>
Package pdftex.def Info: RESULTADOS/R2.4.png  used on input line 474.
(pdftex.def)             Requested size: 234.87334pt x 229.38991pt.
<RESULTADOS/R2.5.png, id=124, 773.89125pt x 755.82375pt>
File: RESULTADOS/R2.5.png Graphic file (type png)
<use RESULTADOS/R2.5.png>
Package pdftex.def Info: RESULTADOS/R2.5.png  used on input line 475.
(pdftex.def)             Requested size: 234.87334pt x 229.38991pt.

Overfull \hbox (23.99168pt too wide) in paragraph at lines 472--477
 [][] 
 []

[12 <./RESULTADOS/R2.3.png (PNG copy)> <./RESULTADOS/R2.4.png (PNG copy)> <./RE
SULTADOS/R2.5.png (PNG copy)>]
<RESULTADOS/R2.6.png, id=130, 773.89125pt x 755.82375pt>
File: RESULTADOS/R2.6.png Graphic file (type png)
<use RESULTADOS/R2.6.png>
Package pdftex.def Info: RESULTADOS/R2.6.png  used on input line 492.
(pdftex.def)             Requested size: 234.87334pt x 229.38991pt.
<RESULTADOS/R2.7.png, id=131, 773.89125pt x 755.82375pt>
File: RESULTADOS/R2.7.png Graphic file (type png)
<use RESULTADOS/R2.7.png>
Package pdftex.def Info: RESULTADOS/R2.7.png  used on input line 493.
(pdftex.def)             Requested size: 234.87334pt x 229.38991pt.

Overfull \hbox (23.99168pt too wide) in paragraph at lines 491--495
 [][] 
 []

[13 <./RESULTADOS/R2.6.png (PNG copy)> <./RESULTADOS/R2.7.png (PNG copy)>]
<RESULTADOS/R3.1.png, id=138, 320.19624pt x 296.10625pt>
File: RESULTADOS/R3.1.png Graphic file (type png)
<use RESULTADOS/R3.1.png>
Package pdftex.def Info: RESULTADOS/R3.1.png  used on input line 510.
(pdftex.def)             Requested size: 234.8797pt x 217.2085pt.
<RESULTADOS/R3.2.png, id=139, 695.59875pt x 666.49pt>
File: RESULTADOS/R3.2.png Graphic file (type png)
<use RESULTADOS/R3.2.png>
Package pdftex.def Info: RESULTADOS/R3.2.png  used on input line 511.
(pdftex.def)             Requested size: 234.87651pt x 225.04762pt.

Overfull \hbox (24.00122pt too wide) in paragraph at lines 509--513
 [][] 
 []

[14 <./RESULTADOS/R3.1.png (PNG copy)> <./RESULTADOS/R3.2.png (PNG copy)>]
<RESULTADOS/R3.3.png, id=145, 695.59875pt x 666.49pt>
File: RESULTADOS/R3.3.png Graphic file (type png)
<use RESULTADOS/R3.3.png>
Package pdftex.def Info: RESULTADOS/R3.3.png  used on input line 545.
(pdftex.def)             Requested size: 234.87651pt x 225.04762pt.
<RESULTADOS/R3.4.png, id=146, 695.59875pt x 666.49pt>
File: RESULTADOS/R3.4.png Graphic file (type png)
<use RESULTADOS/R3.4.png>
Package pdftex.def Info: RESULTADOS/R3.4.png  used on input line 546.
(pdftex.def)             Requested size: 234.87651pt x 225.04762pt.
<RESULTADOS/R3.5.png, id=147, 695.59875pt x 666.49pt>
File: RESULTADOS/R3.5.png Graphic file (type png)
<use RESULTADOS/R3.5.png>
Package pdftex.def Info: RESULTADOS/R3.5.png  used on input line 547.
(pdftex.def)             Requested size: 234.87651pt x 225.04762pt.

Overfull \hbox (23.99803pt too wide) in paragraph at lines 544--549
 [][] 
 []

[15 <./RESULTADOS/R3.3.png (PNG copy)> <./RESULTADOS/R3.4.png (PNG copy)> <./RE
SULTADOS/R3.5.png (PNG copy)>]
<RESULTADOS/R3.6.png, id=153, 695.59875pt x 666.49pt>
File: RESULTADOS/R3.6.png Graphic file (type png)
<use RESULTADOS/R3.6.png>
Package pdftex.def Info: RESULTADOS/R3.6.png  used on input line 564.
(pdftex.def)             Requested size: 234.87651pt x 225.04762pt.
<RESULTADOS/R3.7.png, id=154, 695.59875pt x 666.49pt>
File: RESULTADOS/R3.7.png Graphic file (type png)
<use RESULTADOS/R3.7.png>
Package pdftex.def Info: RESULTADOS/R3.7.png  used on input line 565.
(pdftex.def)             Requested size: 234.87651pt x 225.04762pt.

Overfull \hbox (23.99803pt too wide) in paragraph at lines 563--567
 [][] 
 []

[16 <./RESULTADOS/R3.6.png (PNG copy)> <./RESULTADOS/R3.7.png (PNG copy)>] [17]
LaTeX Font Info:    Trying to load font information for T1+lmtt on input line 5
85.
(/usr/share/texmf/tex/latex/lm/t1lmtt.fd
File: t1lmtt.fd 2009/10/30 v1.6 Font defs for Latin Modern
)
LaTeX Font Info:    Font shape `T1/lmtt/bx/n' in size <10> not available
(Font)              Font shape `T1/lmtt/b/n' tried instead on input line 588.

Underfull \vbox (badness 1325) detected at line 646
 []

[18] [19]

LaTeX Font Warning: Font shape `T1/lmtt/bx/it' in size <10> not available
(Font)              Font shape `T1/lmtt/b/sl' tried instead on input line 658.

LaTeX Font Info:    Trying to load font information for TS1+lmtt on input line 
659.
(/usr/share/texmf/tex/latex/lm/ts1lmtt.fd
File: ts1lmtt.fd 2009/10/30 v1.6 Font defs for Latin Modern
)
Underfull \vbox (badness 4341) detected at line 1206
 []

[20]
Underfull \vbox (badness 10000) detected at line 1206
 []


Underfull \vbox (badness 10000) detected at line 1206
 []

[21]
Underfull \vbox (badness 10000) detected at line 1206
 []


Underfull \vbox (badness 10000) detected at line 1206
 []

[22]
Underfull \vbox (badness 10000) detected at line 1206
 []


Underfull \vbox (badness 10000) detected at line 1206
 []

[23]
Underfull \vbox (badness 10000) detected at line 1206
 []


Underfull \vbox (badness 10000) detected at line 1206
 []

[24]
Underfull \vbox (badness 10000) detected at line 1206
 []


Underfull \vbox (badness 10000) detected at line 1206
 []

[25]
Underfull \vbox (badness 10000) detected at line 1206
 []


Underfull \vbox (badness 10000) detected at line 1206
 []

[26]
Underfull \vbox (badness 10000) detected at line 1206
 []


Underfull \vbox (badness 10000) detected at line 1206
 []

[27]
Underfull \vbox (badness 10000) detected at line 1206
 []


Underfull \vbox (badness 10000) detected at line 1206
 []

[28]
Underfull \vbox (badness 10000) detected at line 1206
 []


Underfull \vbox (badness 10000) detected at line 1206
 []

[29] [30] (./Documentacion.aux) ) 
Here is how much of TeX's memory you used:
 14296 strings out of 478287
 225974 string characters out of 5849288
 646393 words of memory out of 5000000
 32037 multiletter control sequences out of 15000+600000
 544328 words of font info for 141 fonts, out of 8000000 for 9000
 1141 hyphenation exceptions out of 8191
 74i,12n,77p,1010b,373s stack positions out of 5000i,500n,10000p,200000b,80000s
{/usr/share/texmf/fonts/enc/dvips/lm/lm-ts1.en
c}{/usr/share/texmf/fonts/enc/dvips/lm/lm-ec.enc}{/usr/share/texmf/fonts/enc/dv
ips/lm/lm-mathsy.enc}{/usr/share/texmf/fonts/enc/dvips/lm/lm-mathex.enc}{/usr/s
hare/texmf/fonts/enc/dvips/lm/lm-rm.enc}{/usr/share/texmf/fonts/enc/dvips/lm/lm
-mathit.enc}</usr/share/texmf/fonts/type1/public/lm/lmbx10.pfb></usr/share/texm
f/fonts/type1/public/lm/lmbx12.pfb></usr/share/texmf/fonts/type1/public/lm/lmex
10.pfb></usr/share/texmf/fonts/type1/public/lm/lmmi10.pfb></usr/share/texmf/fon
ts/type1/public/lm/lmmi7.pfb></usr/share/texmf/fonts/type1/public/lm/lmr10.pfb>
</usr/share/texmf/fonts/type1/public/lm/lmr7.pfb></usr/share/texmf/fonts/type1/
public/lm/lmri10.pfb></usr/share/texmf/fonts/type1/public/lm/lmsy10.pfb></usr/s
hare/texmf/fonts/type1/public/lm/lmsy7.pfb></usr/share/texmf/fonts/type1/public
/lm/lmtk10.pfb></usr/share/texmf/fonts/type1/public/lm/lmtko10.pfb></usr/share/
texmf/fonts/type1/public/lm/lmtt10.pfb></usr/share/texmf/fonts/type1/public/lm/
lmtti10.pfb>
Output written on Documentacion.pdf (30 pages, 1707601 bytes).
PDF statistics:
 363 PDF objects out of 1000 (max. 8388607)
 265 compressed objects within 3 object streams
 60 named destinations out of 1000 (max. 500000)
 41237 words of extra memory for PDF output out of 42996 (max. 10000000)

